0 info it worked if it ends with ok
1 verbose cli [ '/Users/Arthur/.nvm/versions/node/v5.8.0/bin/node',
1 verbose cli   '/Users/Arthur/.nvm/versions/node/v5.8.0/bin/npm',
1 verbose cli   'start' ]
2 info using npm@3.7.3
3 info using node@v5.8.0
4 verbose run-script [ 'prestart', 'start', 'poststart' ]
5 info lifecycle angular2-quickstart@1.0.0~prestart: angular2-quickstart@1.0.0
6 silly lifecycle angular2-quickstart@1.0.0~prestart: no script for prestart, continuing
7 info lifecycle angular2-quickstart@1.0.0~start: angular2-quickstart@1.0.0
8 verbose lifecycle angular2-quickstart@1.0.0~start: unsafe-perm in lifecycle true
9 verbose lifecycle angular2-quickstart@1.0.0~start: PATH: /Users/Arthur/.nvm/versions/node/v5.8.0/lib/node_modules/npm/bin/node-gyp-bin:/Users/Arthur/Dropbox/App/Isomorphic/auth0-iosmorphic/Angular2/auth0-angularjs2-systemjs-sample/08-Calling-Api/node_modules/.bin:/Users/Arthur/.nvm/versions/node/v5.8.0/bin:/Users/Arthur/.nvm/versions/node/v5.8.0/bin:/Users/Arthur/.sdkman/candidates/springboot/current/bin:/Users/Arthur/.sdkman/candidates/grails/current/bin:/Applications/activator:/usr/local/Cellar/jython/2.7.0/libexec/bin:/Library/Frameworks/Python.framework/Versions/3.4/bin:/opt/local/bin:/opt/local/sbin:/Library/Frameworks/Python.framework/Versions/3.4/bin:/Applications/apache-maven-3.2.5/bin:/Library/PostgreSQL/9.3/bin/pg_config:/Library/Java/JavaVirtualMachines/jdk1.8.0_45.jdk/Contents/Home/jre/bin:/usr/local/bin:/usr/bin:/bin:/usr/sbin:/sbin:/usr/local/mysql/bin:/Users/Arthur/Library/Android/sdk/platform-tools://Users/Arthur/Library/Android/sdk/tools://Library/Java/JavaVirtualMachines/jdk1.8.0_45.jdk/Contents/Home
10 verbose lifecycle angular2-quickstart@1.0.0~start: CWD: /Users/Arthur/Dropbox/App/Isomorphic/auth0-iosmorphic/Angular2/auth0-angularjs2-systemjs-sample/08-Calling-Api
11 silly lifecycle angular2-quickstart@1.0.0~start: Args: [ '-c', 'tsc && concurrently "tsc -w" "lite-server" ' ]
12 silly lifecycle angular2-quickstart@1.0.0~start: Returned: code: 2  signal: null
13 info lifecycle angular2-quickstart@1.0.0~start: Failed to exec start script
14 verbose stack Error: angular2-quickstart@1.0.0 start: `tsc && concurrently "tsc -w" "lite-server" `
14 verbose stack Exit status 2
14 verbose stack     at EventEmitter.<anonymous> (/Users/Arthur/.nvm/versions/node/v5.8.0/lib/node_modules/npm/lib/utils/lifecycle.js:239:16)
14 verbose stack     at emitTwo (events.js:100:13)
14 verbose stack     at EventEmitter.emit (events.js:185:7)
14 verbose stack     at ChildProcess.<anonymous> (/Users/Arthur/.nvm/versions/node/v5.8.0/lib/node_modules/npm/lib/utils/spawn.js:24:14)
14 verbose stack     at emitTwo (events.js:100:13)
14 verbose stack     at ChildProcess.emit (events.js:185:7)
14 verbose stack     at maybeClose (internal/child_process.js:850:16)
14 verbose stack     at Process.ChildProcess._handle.onexit (internal/child_process.js:215:5)
15 verbose pkgid angular2-quickstart@1.0.0
16 verbose cwd /Users/Arthur/Dropbox/App/Isomorphic/auth0-iosmorphic/Angular2/auth0-angularjs2-systemjs-sample/08-Calling-Api
17 error Darwin 15.3.0
18 error argv "/Users/Arthur/.nvm/versions/node/v5.8.0/bin/node" "/Users/Arthur/.nvm/versions/node/v5.8.0/bin/npm" "start"
19 error node v5.8.0
20 error npm  v3.7.3
21 error code ELIFECYCLE
22 error angular2-quickstart@1.0.0 start: `tsc && concurrently "tsc -w" "lite-server" `
22 error Exit status 2
23 error Failed at the angular2-quickstart@1.0.0 start script 'tsc && concurrently "tsc -w" "lite-server" '.
23 error Make sure you have the latest version of node.js and npm installed.
23 error If you do, this is most likely a problem with the angular2-quickstart package,
23 error not with npm itself.
23 error Tell the author that this fails on your system:
23 error     tsc && concurrently "tsc -w" "lite-server"
23 error You can get information on how to open an issue for this project with:
23 error     npm bugs angular2-quickstart
23 error Or if that isn't available, you can get their info via:
23 error     npm owner ls angular2-quickstart
23 error There is likely additional logging output above.
24 verbose exit [ 1, true ]
